<?xml version="1.0" encoding="UTF-8"?>
<testsuite xmlns:xsi="http://www.w3.org/2001/XMLSchema-instance" xsi:noNamespaceSchemaLocation="https://maven.apache.org/surefire/maven-surefire-plugin/xsd/surefire-test-report-3.0.xsd" version="3.0" name="RegressionTest" time="0.084" tests="58" errors="0" skipped="0" failures="0">
  <properties>
[...]
</properties>
  <testcase name="test01" classname="RegressionTest0" time="0.004"/>
  <testcase name="test02" classname="RegressionTest0" time="0"/>
  <testcase name="test03" classname="RegressionTest0" time="0"/>
  <testcase name="test04" classname="RegressionTest0" time="0"/>
  <testcase name="test05" classname="RegressionTest0" time="0"/>
  <testcase name="test06" classname="RegressionTest0" time="0"/>
  <testcase name="test07" classname="RegressionTest0" time="0"/>
  <testcase name="test08" classname="RegressionTest0" time="0"/>
  <testcase name="test09" classname="RegressionTest0" time="0"/>
  <testcase name="test10" classname="RegressionTest0" time="0"/>
  <testcase name="test11" classname="RegressionTest0" time="0"/>
  <testcase name="test12" classname="RegressionTest0" time="0"/>
  <testcase name="test13" classname="RegressionTest0" time="0"/>
  <testcase name="test14" classname="RegressionTest0" time="0"/>
  <testcase name="test15" classname="RegressionTest0" time="0"/>
  <testcase name="test16" classname="RegressionTest0" time="0"/>
  <testcase name="test17" classname="RegressionTest0" time="0"/>
  <testcase name="test18" classname="RegressionTest0" time="0"/>
  <testcase name="test19" classname="RegressionTest0" time="0"/>
  <testcase name="test20" classname="RegressionTest0" time="0"/>
  <testcase name="test21" classname="RegressionTest0" time="0"/>
  <testcase name="test22" classname="RegressionTest0" time="0"/>
  <testcase name="test23" classname="RegressionTest0" time="0"/>
  <testcase name="test24" classname="RegressionTest0" time="0.001"/>
  <testcase name="test25" classname="RegressionTest0" time="0"/>
  <testcase name="test26" classname="RegressionTest0" time="0"/>
  <testcase name="test27" classname="RegressionTest0" time="0"/>
  <testcase name="test28" classname="RegressionTest0" time="0"/>
  <testcase name="test29" classname="RegressionTest0" time="0"/>
  <testcase name="test30" classname="RegressionTest0" time="0"/>
  <testcase name="test31" classname="RegressionTest0" time="0"/>
  <testcase name="test32" classname="RegressionTest0" time="0"/>
  <testcase name="test33" classname="RegressionTest0" time="0.001"/>
  <testcase name="test34" classname="RegressionTest0" time="0"/>
  <testcase name="test35" classname="RegressionTest0" time="0"/>
  <testcase name="test36" classname="RegressionTest0" time="0"/>
  <testcase name="test37" classname="RegressionTest0" time="0"/>
  <testcase name="test38" classname="RegressionTest0" time="0"/>
  <testcase name="test39" classname="RegressionTest0" time="0"/>
  <testcase name="test40" classname="RegressionTest0" time="0"/>
  <testcase name="test41" classname="RegressionTest0" time="0"/>
  <testcase name="test42" classname="RegressionTest0" time="0.001"/>
  <testcase name="test43" classname="RegressionTest0" time="0"/>
  <testcase name="test44" classname="RegressionTest0" time="0"/>
  <testcase name="test45" classname="RegressionTest0" time="0"/>
  <testcase name="test46" classname="RegressionTest0" time="0"/>
  <testcase name="test47" classname="RegressionTest0" time="0"/>
  <testcase name="test48" classname="RegressionTest0" time="0"/>
  <testcase name="test49" classname="RegressionTest0" time="0"/>
  <testcase name="test50" classname="RegressionTest0" time="0"/>
  <testcase name="test51" classname="RegressionTest0" time="0"/>
  <testcase name="test52" classname="RegressionTest0" time="0"/>
  <testcase name="test53" classname="RegressionTest0" time="0"/>
  <testcase name="test54" classname="RegressionTest0" time="0"/>
  <testcase name="test55" classname="RegressionTest0" time="0"/>
  <testcase name="test56" classname="RegressionTest0" time="0"/>
  <testcase name="test57" classname="RegressionTest0" time="0"/>
  <testcase name="test58" classname="RegressionTest0" time="0"/>
</testsuite>